<?xml version="1.0" encoding="UTF-8"?>
<testExecutions version="1">
    <file path="/Users/msm/MISO/apis/MISW4403_202214_Equipo28/src/culturagastronomica/culturagastronomica.controller.spec.ts">
    </file>
</testExecutions>