<?xml version="1.0" encoding="UTF-8"?>
<testExecutions version="1">
    <file path="/Users/msm/MISO/apis/MISW4403_202214_Equipo28/src/receta/receta.controller.spec.ts">
        <testCase name="RecetaController findAll debe retornar un arreglo de recetas" duration="177"/>
    </file>
</testExecutions>